<?xml version="1.0" encoding="UTF-8"?>
<!-- Generated by org.testng.reporters.JUnitReportReporter -->
<testsuite hostname="Dhanarubans-MBP" failures="0" tests="5" name="Jsontest.DDTestUsingJSON" time="21.136" errors="0" timestamp="2021-06-12T20:59:39 CEST" skipped="0">
  <testcase classname="Jsontest.DDTestUsingJSON" name="Subscribe" time="4.145"/>
  <system-out/>
  <testcase classname="Jsontest.DDTestUsingJSON" name="Subscribe" time="3.934"/>
  <system-out/>
  <testcase classname="Jsontest.DDTestUsingJSON" name="Subscribe" time="5.158"/>
  <system-out/>
  <testcase classname="Jsontest.DDTestUsingJSON" name="Subscribe" time="3.893"/>
  <system-out/>
  <testcase classname="Jsontest.DDTestUsingJSON" name="Subscribe" time="4.006"/>
  <system-out/>
</testsuite> <!-- Jsontest.DDTestUsingJSON -->
